{
  "RSpec": {
    "coverage": {
      "D:/Documents/reserva-de-sala2/reservasala/spec/rails_helper.rb": [
        null,
        1,
        1,
        1,
        null,
        1,
        1,
        null,
        null,
        null,
        null,
        null,
        null,
        null,
        null,
        null,
        null,
        null,
        null,
        null,
        null,
        null,
        null,
        null,
        null,
        null,
        1,
        null,
        1,
        null,
        1,
        null,
        null,
        null,
        null,
        1,
        null,
        null,
        null,
        null,
        null,
        null,
        null,
        null,
        null,
        null,
        null,
        null,
        null,
        null,
        1,
        null,
        null,
        1,
        null,
        null,
        null
      ],
      "D:/Documents/reserva-de-sala2/reservasala/config/environment.rb": [
        null,
        1,
        null,
        null,
        1
      ],
      "D:/Documents/reserva-de-sala2/reservasala/config/application.rb": [
        1,
        null,
        1,
        null,
        1,
        1,
        1,
        1,
        1,
        1,
        1,
        1,
        1,
        null,
        null,
        null,
        null,
        1,
        null,
        1,
        1,
        null,
        1,
        null,
        null,
        null,
        null,
        null,
        null,
        null,
        1,
        null,
        null
      ],
      "D:/Documents/reserva-de-sala2/reservasala/config/boot.rb": [
        1,
        null,
        1,
        1
      ],
      "D:/Documents/reserva-de-sala2/reservasala/config/environments/test.rb": [
        1,
        null,
        null,
        null,
        null,
        null,
        null,
        1,
        null,
        null,
        null,
        null,
        1,
        null,
        null,
        1,
        1,
        null,
        null,
        null,
        null,
        1,
        1,
        null,
        null,
        1,
        null,
        null,
        1,
        null,
        null,
        1,
        null,
        1,
        null,
        null,
        null,
        null,
        1,
        null,
        null,
        1,
        null,
        null,
        null,
        null
      ],
      "D:/Documents/reserva-de-sala2/reservasala/config/initializers/application_controller_renderer.rb": [
        null,
        null,
        null,
        null,
        null,
        null,
        null,
        null
      ],
      "D:/Documents/reserva-de-sala2/reservasala/config/initializers/assets.rb": [
        null,
        null,
        null,
        1,
        null,
        null,
        null,
        null,
        1,
        null,
        null,
        null,
        null,
        null
      ],
      "D:/Documents/reserva-de-sala2/reservasala/config/initializers/backtrace_silencers.rb": [
        null,
        null,
        null,
        null,
        null,
        null,
        null
      ],
      "D:/Documents/reserva-de-sala2/reservasala/config/initializers/content_security_policy.rb": [
        null,
        null,
        null,
        null,
        null,
        null,
        null,
        null,
        null,
        null,
        null,
        null,
        null,
        null,
        null,
        null,
        null,
        null,
        null,
        null,
        null,
        null,
        null,
        null,
        null
      ],
      "D:/Documents/reserva-de-sala2/reservasala/config/initializers/cookies_serializer.rb": [
        null,
        null,
        null,
        null,
        1
      ],
      "D:/Documents/reserva-de-sala2/reservasala/config/initializers/filter_parameter_logging.rb": [
        null,
        null,
        null,
        1
      ],
      "D:/Documents/reserva-de-sala2/reservasala/config/initializers/inflections.rb": [
        null,
        null,
        null,
        null,
        null,
        null,
        null,
        null,
        null,
        null,
        null,
        null,
        null,
        null,
        null,
        null
      ],
      "D:/Documents/reserva-de-sala2/reservasala/config/initializers/mime_types.rb": [
        null,
        null,
        null,
        null
      ],
      "D:/Documents/reserva-de-sala2/reservasala/config/initializers/wrap_parameters.rb": [
        null,
        null,
        null,
        null,
        null,
        null,
        1,
        2,
        null,
        null,
        null,
        null,
        null,
        null
      ],
      "D:/Documents/reserva-de-sala2/reservasala/config/routes.rb": [
        1,
        1,
        1,
        1,
        1,
        1,
        1,
        1,
        1,
        null
      ],
      "D:/Documents/reserva-de-sala2/reservasala/app/helpers/application_helper.rb": [
        1,
        null
      ],
      "D:/Documents/reserva-de-sala2/reservasala/spec/controllers/reservas_controller_spec.rb": [
        1,
        null,
        1,
        null,
        1,
        1,
        4,
        null,
        1,
        1,
        1,
        null,
        1,
        1,
        1,
        1,
        null,
        1,
        1,
        1,
        1,
        null,
        1,
        1,
        1,
        1,
        null,
        null,
        null,
        1,
        1,
        1,
        1,
        1,
        1,
        null,
        1,
        1,
        1,
        null,
        null,
        1,
        null,
        1,
        1,
        1,
        1,
        1,
        null,
        1,
        1,
        1,
        1,
        1,
        null,
        1,
        1,
        1,
        1,
        1,
        null,
        null,
        null,
        1,
        1,
        4,
        null,
        1,
        1,
        1,
        null,
        1,
        1,
        1,
        1,
        null,
        1,
        1,
        1,
        1,
        null,
        1,
        1,
        1,
        1,
        null,
        null,
        null
      ],
      "D:/Documents/reserva-de-sala2/reservasala/app/controllers/reservas_controller.rb": [
        1,
        1,
        null,
        null,
        1,
        5,
        5,
        5,
        5,
        5,
        null,
        5,
        5,
        5,
        5,
        5,
        5,
        null,
        5,
        2,
        2,
        2,
        2,
        null,
        3,
        3,
        3,
        3,
        3,
        null,
        3,
        3,
        null,
        3,
        3,
        null,
        3,
        3,
        null,
        3,
        3,
        null,
        null,
        null,
        null,
        null,
        1,
        4,
        4,
        4,
        null,
        null,
        1,
        4,
        4,
        4,
        4,
        4,
        null,
        null,
        1,
        0,
        0,
        0,
        null,
        null,
        null
      ],
      "D:/Documents/reserva-de-sala2/reservasala/spec/controllers/salas_controller_spec.rb": [
        1,
        null,
        1,
        null,
        1,
        1,
        1,
        1,
        null,
        1,
        1,
        1,
        1,
        null,
        null,
        null
      ],
      "D:/Documents/reserva-de-sala2/reservasala/app/controllers/salas_controller.rb": [
        1,
        1,
        2,
        2,
        2,
        null,
        null,
        null
      ],
      "D:/Documents/reserva-de-sala2/reservasala/spec/controllers/usuarios_controller_spec.rb": [
        1,
        null,
        1,
        null,
        1,
        1,
        1,
        1,
        null,
        1,
        1,
        1,
        1,
        null,
        null,
        null,
        null,
        1,
        null,
        3,
        1,
        1,
        1,
        null,
        1,
        1,
        1,
        null,
        1,
        1,
        null,
        1,
        null,
        1,
        1,
        null,
        1,
        null,
        null,
        null,
        1,
        1,
        1,
        1,
        1,
        null,
        1,
        1,
        null,
        1,
        null,
        1,
        1,
        1,
        1,
        null,
        1,
        1,
        1,
        1,
        null,
        1,
        1,
        1,
        1,
        null,
        null,
        null
      ],
      "D:/Documents/reserva-de-sala2/reservasala/app/controllers/usuarios_controller.rb": [
        1,
        1,
        2,
        null,
        null,
        1,
        null,
        null,
        null,
        1,
        9,
        9,
        9,
        9,
        9,
        9,
        9,
        9,
        9,
        1,
        1,
        null,
        8,
        8,
        8,
        8,
        null,
        9,
        1,
        1,
        1,
        1,
        null,
        8,
        8,
        8,
        8,
        8,
        null,
        8,
        8,
        null,
        8,
        8,
        null,
        null,
        null,
        null,
        null,
        1,
        21,
        null,
        null
      ],
      "D:/Documents/reserva-de-sala2/reservasala/app/controllers/application_controller.rb": [
        1,
        null
      ],
      "D:/Documents/reserva-de-sala2/reservasala/app/models/usuario.rb": [
        1,
        1,
        null,
        2,
        1,
        1,
        null,
        1,
        null,
        1,
        null,
        null
      ],
      "D:/Documents/reserva-de-sala2/reservasala/app/models/reserva.rb": [
        1,
        1,
        1,
        1,
        1,
        1,
        null,
        1,
        1,
        1,
        null
      ],
      "D:/Documents/reserva-de-sala2/reservasala/app/models/sala.rb": [
        1,
        1,
        null
      ],
      "D:/Documents/reserva-de-sala2/reservasala/app/models/horario.rb": [
        1,
        1,
        null
      ]
    },
    "timestamp": 1530809243
  }
}
